2026-03-23T01:15:23.873-03:00  INFO 24280 --- [etl_dynamic] [restartedMain] dev.hamasakis.etl.EtlApplication         : Starting EtlApplication using Java 21.0.9 with PID 24280 (E:\Java\etl\target\classes started by eusou in E:\Java\etl)
2026-03-23T01:15:23.879-03:00  INFO 24280 --- [etl_dynamic] [restartedMain] dev.hamasakis.etl.EtlApplication         : The following 1 profile is active: "dev"
2026-03-23T01:15:23.922-03:00  INFO 24280 --- [etl_dynamic] [restartedMain] .e.DevToolsPropertyDefaultsPostProcessor : Devtools property defaults active! Set 'spring.devtools.add-properties' to 'false' to disable
2026-03-23T01:15:23.923-03:00  INFO 24280 --- [etl_dynamic] [restartedMain] .e.DevToolsPropertyDefaultsPostProcessor : For additional web related logging consider setting the 'logging.level.web' property to 'DEBUG'
2026-03-23T01:15:23.936-03:00  INFO 24280 --- [etl_dynamic] [restartedMain] .s.b.d.c.l.DockerComposeLifecycleManager : Using Docker Compose file E:\Java\etl\compose.yaml
2026-03-23T01:15:24.878-03:00  INFO 24280 --- [etl_dynamic] [OutputReader-stderr] o.s.boot.docker.compose.core.DockerCli   : time="2026-03-23T01:15:24-03:00" level=warning msg="E:\\Java\\etl\\compose.yaml: the attribute `version` is obsolete, it will be ignored, please remove it to avoid potential confusion"
2026-03-23T01:15:25.039-03:00  INFO 24280 --- [etl_dynamic] [OutputReader-stderr] o.s.boot.docker.compose.core.DockerCli   :  Container etl-kafka Starting 
2026-03-23T01:15:25.039-03:00  INFO 24280 --- [etl_dynamic] [OutputReader-stderr] o.s.boot.docker.compose.core.DockerCli   :  Container etl-postgres Starting 
2026-03-23T01:15:26.113-03:00  INFO 24280 --- [etl_dynamic] [OutputReader-stderr] o.s.boot.docker.compose.core.DockerCli   :  Container etl-kafka Started 
2026-03-23T01:15:26.313-03:00  INFO 24280 --- [etl_dynamic] [OutputReader-stderr] o.s.boot.docker.compose.core.DockerCli   :  Container etl-postgres Started 
2026-03-23T01:15:26.314-03:00  INFO 24280 --- [etl_dynamic] [OutputReader-stderr] o.s.boot.docker.compose.core.DockerCli   :  Container etl-pgadmin Starting 
2026-03-23T01:15:27.158-03:00  INFO 24280 --- [etl_dynamic] [OutputReader-stderr] o.s.boot.docker.compose.core.DockerCli   :  Container etl-pgadmin Started 
2026-03-23T01:15:27.159-03:00  INFO 24280 --- [etl_dynamic] [OutputReader-stderr] o.s.boot.docker.compose.core.DockerCli   :  Container etl-postgres Waiting 
2026-03-23T01:15:27.160-03:00  INFO 24280 --- [etl_dynamic] [OutputReader-stderr] o.s.boot.docker.compose.core.DockerCli   :  Container etl-pgadmin Waiting 
2026-03-23T01:15:27.160-03:00  INFO 24280 --- [etl_dynamic] [OutputReader-stderr] o.s.boot.docker.compose.core.DockerCli   :  Container etl-kafka Waiting 
2026-03-23T01:15:27.687-03:00  INFO 24280 --- [etl_dynamic] [OutputReader-stderr] o.s.boot.docker.compose.core.DockerCli   :  Container etl-kafka Healthy 
2026-03-23T01:15:27.688-03:00  INFO 24280 --- [etl_dynamic] [OutputReader-stderr] o.s.boot.docker.compose.core.DockerCli   :  Container etl-postgres Healthy 
2026-03-23T01:15:27.688-03:00  INFO 24280 --- [etl_dynamic] [OutputReader-stderr] o.s.boot.docker.compose.core.DockerCli   :  Container etl-pgadmin Healthy 
2026-03-23T01:15:45.894-03:00  INFO 24280 --- [etl_dynamic] [restartedMain] .s.d.r.c.RepositoryConfigurationDelegate : Bootstrapping Spring Data JPA repositories in DEFAULT mode.
2026-03-23T01:15:45.943-03:00  INFO 24280 --- [etl_dynamic] [restartedMain] .s.d.r.c.RepositoryConfigurationDelegate : Finished Spring Data repository scanning in 39 ms. Found 1 JPA repository interface.
2026-03-23T01:15:46.754-03:00  INFO 24280 --- [etl_dynamic] [restartedMain] o.s.boot.tomcat.TomcatWebServer          : Tomcat initialized with port 8001 (http)
2026-03-23T01:15:46.766-03:00  INFO 24280 --- [etl_dynamic] [restartedMain] o.apache.catalina.core.StandardService   : Starting service [Tomcat]
2026-03-23T01:15:46.768-03:00  INFO 24280 --- [etl_dynamic] [restartedMain] o.apache.catalina.core.StandardEngine    : Starting Servlet engine: [Apache Tomcat/11.0.18]
2026-03-23T01:15:46.815-03:00  INFO 24280 --- [etl_dynamic] [restartedMain] b.w.c.s.WebApplicationContextInitializer : Root WebApplicationContext: initialization completed in 1830 ms
2026-03-23T01:15:47.108-03:00  INFO 24280 --- [etl_dynamic] [restartedMain] org.hibernate.orm.jpa                    : HHH008540: Processing PersistenceUnitInfo [name: default]
2026-03-23T01:15:47.156-03:00  INFO 24280 --- [etl_dynamic] [restartedMain] org.hibernate.orm.core                   : HHH000001: Hibernate ORM core version 7.2.7.Final
2026-03-23T01:15:47.611-03:00  INFO 24280 --- [etl_dynamic] [restartedMain] o.s.o.j.p.SpringPersistenceUnitInfo      : No LoadTimeWeaver setup: ignoring JPA class transformer
2026-03-23T01:15:47.648-03:00  INFO 24280 --- [etl_dynamic] [restartedMain] com.zaxxer.hikari.HikariDataSource       : HikariPool-1 - Starting...
2026-03-23T01:15:47.811-03:00  INFO 24280 --- [etl_dynamic] [restartedMain] com.zaxxer.hikari.pool.HikariPool        : HikariPool-1 - Added connection org.postgresql.jdbc.PgConnection@4f565ce9
2026-03-23T01:15:47.814-03:00  INFO 24280 --- [etl_dynamic] [restartedMain] com.zaxxer.hikari.HikariDataSource       : HikariPool-1 - Start completed.
2026-03-23T01:15:47.861-03:00  WARN 24280 --- [etl_dynamic] [restartedMain] org.hibernate.orm.deprecation            : HHH90000025: PostgreSQLDialect does not need to be specified explicitly using 'hibernate.dialect' (remove the property setting and it will be selected by default)
2026-03-23T01:15:47.883-03:00  INFO 24280 --- [etl_dynamic] [restartedMain] org.hibernate.orm.connections.pooling    : HHH10001005: Database info:
	Database JDBC URL [jdbc:postgresql://127.0.0.1:5432/etl_dynamic_db?ApplicationName=etl_dynamic]
	Database driver: PostgreSQL JDBC Driver
	Database dialect: PostgreSQLDialect
	Database version: 16.13
	Default catalog/schema: etl_dynamic_db/public
	Autocommit mode: undefined/unknown
	Isolation level: READ_COMMITTED [default READ_COMMITTED]
	JDBC fetch size: none
	Pool: DataSourceConnectionProvider
	Minimum pool size: undefined/unknown
	Maximum pool size: undefined/unknown
2026-03-23T01:15:48.729-03:00  INFO 24280 --- [etl_dynamic] [restartedMain] org.hibernate.orm.core                   : HHH000489: No JTA platform available (set 'hibernate.transaction.jta.platform' to enable JTA platform integration)
2026-03-23T01:15:48.809-03:00 DEBUG 24280 --- [etl_dynamic] [restartedMain] org.hibernate.SQL                        : 
    [34malter[0m [34mtable[0m [34mif[0m [34mexists[0m users 
       [34madd[0m [34mcolumn[0m role [34mvarchar[0m(255) [34mnot[0m [34mnull[0m [34mcheck[0m ((role [34min[0m ([36m'[34mUSER[0m'[0m,[36m'MANAGER'[0m,[36m'ADMIN'[0m)))
2026-03-23T01:15:48.820-03:00  WARN 24280 --- [etl_dynamic] [restartedMain] o.h.t.s.i.ExceptionHandlerLoggedImpl     : GenerationTarget encountered exception accepting command : Error executing DDL "
    alter table if exists users 
       add column role varchar(255) not null check ((role in ('USER','MANAGER','ADMIN')))" via JDBC [ERROR: column "role" of relation "users" contains null values]

org.hibernate.tool.schema.spi.CommandAcceptanceException: Error executing DDL "
    alter table if exists users 
       add column role varchar(255) not null check ((role in ('USER','MANAGER','ADMIN')))" via JDBC [ERROR: column "role" of relation "users" contains null values]
	at org.hibernate.tool.schema.internal.exec.GenerationTargetToDatabase.accept(GenerationTargetToDatabase.java:81) ~[hibernate-core-7.2.7.Final.jar:7.2.7.Final]
	at org.hibernate.tool.schema.internal.AbstractSchemaMigrator.applySqlString(AbstractSchemaMigrator.java:566) ~[hibernate-core-7.2.7.Final.jar:7.2.7.Final]
	at org.hibernate.tool.schema.internal.AbstractSchemaMigrator.applySqlStrings(AbstractSchemaMigrator.java:506) ~[hibernate-core-7.2.7.Final.jar:7.2.7.Final]
	at org.hibernate.tool.schema.internal.AbstractSchemaMigrator.migrateTable(AbstractSchemaMigrator.java:324) ~[hibernate-core-7.2.7.Final.jar:7.2.7.Final]
	at org.hibernate.tool.schema.internal.GroupedSchemaMigratorImpl.performTablesMigration(GroupedSchemaMigratorImpl.java:84) ~[hibernate-core-7.2.7.Final.jar:7.2.7.Final]
	at org.hibernate.tool.schema.internal.AbstractSchemaMigrator.performMigration(AbstractSchemaMigrator.java:220) ~[hibernate-core-7.2.7.Final.jar:7.2.7.Final]
	at org.hibernate.tool.schema.internal.AbstractSchemaMigrator.doMigration(AbstractSchemaMigrator.java:96) ~[hibernate-core-7.2.7.Final.jar:7.2.7.Final]
	at org.hibernate.tool.schema.spi.SchemaManagementToolCoordinator.performDatabaseAction(SchemaManagementToolCoordinator.java:269) ~[hibernate-core-7.2.7.Final.jar:7.2.7.Final]
	at org.hibernate.tool.schema.spi.SchemaManagementToolCoordinator.lambda$process$1(SchemaManagementToolCoordinator.java:101) ~[hibernate-core-7.2.7.Final.jar:7.2.7.Final]
	at java.base/java.util.HashMap.forEach(HashMap.java:1429) ~[na:na]
	at org.hibernate.tool.schema.spi.SchemaManagementToolCoordinator.process(SchemaManagementToolCoordinator.java:100) ~[hibernate-core-7.2.7.Final.jar:7.2.7.Final]
	at org.hibernate.boot.internal.SessionFactoryObserverForSchemaExport.sessionFactoryCreated(SessionFactoryObserverForSchemaExport.java:35) ~[hibernate-core-7.2.7.Final.jar:7.2.7.Final]
	at org.hibernate.internal.SessionFactoryObserverChain.sessionFactoryCreated(SessionFactoryObserverChain.java:33) ~[hibernate-core-7.2.7.Final.jar:7.2.7.Final]
	at org.hibernate.internal.SessionFactoryImpl.<init>(SessionFactoryImpl.java:323) ~[hibernate-core-7.2.7.Final.jar:7.2.7.Final]
	at org.hibernate.internal.SessionFactoryRegistry.instantiateSessionFactory(SessionFactoryRegistry.java:64) ~[hibernate-core-7.2.7.Final.jar:7.2.7.Final]
	at org.hibernate.boot.internal.SessionFactoryBuilderImpl.build(SessionFactoryBuilderImpl.java:437) ~[hibernate-core-7.2.7.Final.jar:7.2.7.Final]
	at org.hibernate.jpa.boot.internal.EntityManagerFactoryBuilderImpl.build(EntityManagerFactoryBuilderImpl.java:1456) ~[hibernate-core-7.2.7.Final.jar:7.2.7.Final]
	at org.springframework.orm.jpa.vendor.SpringHibernateJpaPersistenceProvider.createContainerEntityManagerFactory(SpringHibernateJpaPersistenceProvider.java:93) ~[spring-orm-7.0.6.jar:7.0.6]
	at org.springframework.orm.jpa.LocalContainerEntityManagerFactoryBean.createNativeEntityManagerFactory(LocalContainerEntityManagerFactoryBean.java:443) ~[spring-orm-7.0.6.jar:7.0.6]
	at org.springframework.orm.jpa.AbstractEntityManagerFactoryBean.buildNativeEntityManagerFactory(AbstractEntityManagerFactoryBean.java:436) ~[spring-orm-7.0.6.jar:7.0.6]
	at org.springframework.orm.jpa.AbstractEntityManagerFactoryBean.afterPropertiesSet(AbstractEntityManagerFactoryBean.java:411) ~[spring-orm-7.0.6.jar:7.0.6]
	at org.springframework.orm.jpa.LocalContainerEntityManagerFactoryBean.afterPropertiesSet(LocalContainerEntityManagerFactoryBean.java:419) ~[spring-orm-7.0.6.jar:7.0.6]
	at org.springframework.beans.factory.support.AbstractAutowireCapableBeanFactory.invokeInitMethods(AbstractAutowireCapableBeanFactory.java:1864) ~[spring-beans-7.0.6.jar:7.0.6]
	at org.springframework.beans.factory.support.AbstractAutowireCapableBeanFactory.initializeBean(AbstractAutowireCapableBeanFactory.java:1813) ~[spring-beans-7.0.6.jar:7.0.6]
	at org.springframework.beans.factory.support.AbstractAutowireCapableBeanFactory.doCreateBean(AbstractAutowireCapableBeanFactory.java:603) ~[spring-beans-7.0.6.jar:7.0.6]
	at org.springframework.beans.factory.support.AbstractAutowireCapableBeanFactory.createBean(AbstractAutowireCapableBeanFactory.java:525) ~[spring-beans-7.0.6.jar:7.0.6]
	at org.springframework.beans.factory.support.AbstractBeanFactory.lambda$doGetBean$0(AbstractBeanFactory.java:333) ~[spring-beans-7.0.6.jar:7.0.6]
	at org.springframework.beans.factory.support.DefaultSingletonBeanRegistry.getSingleton(DefaultSingletonBeanRegistry.java:371) ~[spring-beans-7.0.6.jar:7.0.6]
	at org.springframework.beans.factory.support.AbstractBeanFactory.doGetBean(AbstractBeanFactory.java:331) ~[spring-beans-7.0.6.jar:7.0.6]
	at org.springframework.beans.factory.support.AbstractBeanFactory.getBean(AbstractBeanFactory.java:201) ~[spring-beans-7.0.6.jar:7.0.6]
	at org.springframework.context.support.AbstractApplicationContext.finishBeanFactoryInitialization(AbstractApplicationContext.java:977) ~[spring-context-7.0.6.jar:7.0.6]
	at org.springframework.context.support.AbstractApplicationContext.refresh(AbstractApplicationContext.java:621) ~[spring-context-7.0.6.jar:7.0.6]
	at org.springframework.boot.web.server.servlet.context.ServletWebServerApplicationContext.refresh(ServletWebServerApplicationContext.java:143) ~[spring-boot-web-server-4.0.4.jar:4.0.4]
	at org.springframework.boot.SpringApplication.refresh(SpringApplication.java:756) ~[spring-boot-4.0.4.jar:4.0.4]
	at org.springframework.boot.SpringApplication.refreshContext(SpringApplication.java:445) ~[spring-boot-4.0.4.jar:4.0.4]
	at org.springframework.boot.SpringApplication.run(SpringApplication.java:321) ~[spring-boot-4.0.4.jar:4.0.4]
	at org.springframework.boot.SpringApplication.run(SpringApplication.java:1365) ~[spring-boot-4.0.4.jar:4.0.4]
	at org.springframework.boot.SpringApplication.run(SpringApplication.java:1354) ~[spring-boot-4.0.4.jar:4.0.4]
	at dev.hamasakis.etl.EtlApplication.main(EtlApplication.java:12) ~[classes/:na]
	at java.base/jdk.internal.reflect.DirectMethodHandleAccessor.invoke(DirectMethodHandleAccessor.java:103) ~[na:na]
	at java.base/java.lang.reflect.Method.invoke(Method.java:580) ~[na:na]
	at org.springframework.boot.devtools.restart.RestartLauncher.run(RestartLauncher.java:52) ~[spring-boot-devtools-4.0.4.jar:4.0.4]
Caused by: org.postgresql.util.PSQLException: ERROR: column "role" of relation "users" contains null values
	at org.postgresql.core.v3.QueryExecutorImpl.receiveErrorResponse(QueryExecutorImpl.java:2875) ~[postgresql-42.7.10.jar:42.7.10]
	at org.postgresql.core.v3.QueryExecutorImpl.processResults(QueryExecutorImpl.java:2560) ~[postgresql-42.7.10.jar:42.7.10]
	at org.postgresql.core.v3.QueryExecutorImpl.execute(QueryExecutorImpl.java:429) ~[postgresql-42.7.10.jar:42.7.10]
	at org.postgresql.jdbc.PgStatement.executeInternal(PgStatement.java:526) ~[postgresql-42.7.10.jar:42.7.10]
	at org.postgresql.jdbc.PgStatement.execute(PgStatement.java:436) ~[postgresql-42.7.10.jar:42.7.10]
	at org.postgresql.jdbc.PgStatement.executeWithFlags(PgStatement.java:358) ~[postgresql-42.7.10.jar:42.7.10]
	at org.postgresql.jdbc.PgStatement.executeCachedSql(PgStatement.java:343) ~[postgresql-42.7.10.jar:42.7.10]
	at org.postgresql.jdbc.PgStatement.executeWithFlags(PgStatement.java:319) ~[postgresql-42.7.10.jar:42.7.10]
	at org.postgresql.jdbc.PgStatement.execute(PgStatement.java:314) ~[postgresql-42.7.10.jar:42.7.10]
	at com.zaxxer.hikari.pool.ProxyStatement.execute(ProxyStatement.java:95) ~[HikariCP-7.0.2.jar:na]
	at com.zaxxer.hikari.pool.HikariProxyStatement.execute(HikariProxyStatement.java) ~[HikariCP-7.0.2.jar:na]
	at org.hibernate.tool.schema.internal.exec.GenerationTargetToDatabase.accept(GenerationTargetToDatabase.java:76) ~[hibernate-core-7.2.7.Final.jar:7.2.7.Final]
	... 41 common frames omitted

2026-03-23T01:15:48.825-03:00  INFO 24280 --- [etl_dynamic] [restartedMain] j.LocalContainerEntityManagerFactoryBean : Initialized JPA EntityManagerFactory for persistence unit 'default'
2026-03-23T01:15:48.901-03:00  INFO 24280 --- [etl_dynamic] [restartedMain] o.s.d.j.r.query.QueryEnhancerFactories   : Hibernate is in classpath; If applicable, HQL parser will be used.
2026-03-23T01:15:49.082-03:00  INFO 24280 --- [etl_dynamic] [restartedMain] r$InitializeUserDetailsManagerConfigurer : Global AuthenticationManager configured with UserDetailsService bean with name authService
2026-03-23T01:15:49.117-03:00  WARN 24280 --- [etl_dynamic] [restartedMain] JpaBaseConfiguration$JpaWebConfiguration : spring.jpa.open-in-view is enabled by default. Therefore, database queries may be performed during view rendering. Explicitly configure spring.jpa.open-in-view to disable this warning
2026-03-23T01:15:49.760-03:00  INFO 24280 --- [etl_dynamic] [restartedMain] o.s.b.a.e.web.EndpointLinksResolver      : Exposing 3 endpoints beneath base path '/actuator'
2026-03-23T01:15:49.838-03:00  INFO 24280 --- [etl_dynamic] [restartedMain] o.s.boot.tomcat.TomcatWebServer          : Tomcat started on port 8001 (http) with context path '/api'
2026-03-23T01:15:49.845-03:00  INFO 24280 --- [etl_dynamic] [restartedMain] dev.hamasakis.etl.EtlApplication         : Started EtlApplication in 26.411 seconds (process running for 27.147)
2026-03-23T01:15:49.852-03:00  INFO 24280 --- [etl_dynamic] [restartedMain] o.s.b.b.a.JobLauncherApplicationRunner   : Running default command line with: []
2026-03-23T01:15:50.197-03:00 DEBUG 24280 --- [etl_dynamic] [restartedMain] org.hibernate.SQL                        : 
    [34mselect[0m
        u1_0.id,
        u1_0.active,
        u1_0.created_at,
        u1_0.email,
        u1_0.name,
        u1_0.password,
        u1_0.role,
        u1_0.updated_at 
    [34mfrom[0m
        users u1_0 
    [34mwhere[0m
        u1_0.email=?
2026-03-23T01:15:50.204-03:00  WARN 24280 --- [etl_dynamic] [restartedMain] org.hibernate.orm.jdbc.error             : HHH000247: ErrorCode: 0, SQLState: 42703
2026-03-23T01:15:50.204-03:00  WARN 24280 --- [etl_dynamic] [restartedMain] org.hibernate.orm.jdbc.error             : ERROR: column u1_0.role does not exist
  Posição: 79
2026-03-23T01:15:50.213-03:00  INFO 24280 --- [etl_dynamic] [restartedMain] .s.b.a.l.ConditionEvaluationReportLogger : 

Error starting ApplicationContext. To display the condition evaluation report re-run your application with 'debug' enabled.
2026-03-23T01:15:50.225-03:00 ERROR 24280 --- [etl_dynamic] [restartedMain] o.s.boot.SpringApplication               : Application run failed

org.springframework.dao.InvalidDataAccessResourceUsageException: JDBC exception executing SQL [ERROR: column u1_0.role does not exist
  Posição: 79] [select u1_0.id,u1_0.active,u1_0.created_at,u1_0.email,u1_0.name,u1_0.password,u1_0.role,u1_0.updated_at from users u1_0 where u1_0.email=?]; SQL [select u1_0.id,u1_0.active,u1_0.created_at,u1_0.email,u1_0.name,u1_0.password,u1_0.role,u1_0.updated_at from users u1_0 where u1_0.email=?]
	at org.springframework.orm.jpa.hibernate.HibernateExceptionTranslator.convertHibernateAccessException(HibernateExceptionTranslator.java:156) ~[spring-orm-7.0.6.jar:7.0.6]
	at org.springframework.orm.jpa.hibernate.HibernateExceptionTranslator.convertHibernateAccessException(HibernateExceptionTranslator.java:131) ~[spring-orm-7.0.6.jar:7.0.6]
	at org.springframework.orm.jpa.hibernate.HibernateExceptionTranslator.translateExceptionIfPossible(HibernateExceptionTranslator.java:105) ~[spring-orm-7.0.6.jar:7.0.6]
	at org.springframework.orm.jpa.vendor.HibernateJpaDialect.translateExceptionIfPossible(HibernateJpaDialect.java:223) ~[spring-orm-7.0.6.jar:7.0.6]
	at org.springframework.orm.jpa.AbstractEntityManagerFactoryBean.translateExceptionIfPossible(AbstractEntityManagerFactoryBean.java:576) ~[spring-orm-7.0.6.jar:7.0.6]
	at org.springframework.dao.support.ChainedPersistenceExceptionTranslator.translateExceptionIfPossible(ChainedPersistenceExceptionTranslator.java:61) ~[spring-tx-7.0.6.jar:7.0.6]
	at org.springframework.dao.support.DataAccessUtils.translateIfNecessary(DataAccessUtils.java:346) ~[spring-tx-7.0.6.jar:7.0.6]
	at org.springframework.dao.support.PersistenceExceptionTranslationInterceptor.invoke(PersistenceExceptionTranslationInterceptor.java:157) ~[spring-tx-7.0.6.jar:7.0.6]
	at org.springframework.aop.framework.ReflectiveMethodInvocation.proceed(ReflectiveMethodInvocation.java:179) ~[spring-aop-7.0.6.jar:7.0.6]
	at org.springframework.data.jpa.repository.support.CrudMethodMetadataPostProcessor$CrudMethodMetadataPopulatingMethodInterceptor.invoke(CrudMethodMetadataPostProcessor.java:137) ~[spring-data-jpa-4.0.4.jar:4.0.4]
	at org.springframework.aop.framework.ReflectiveMethodInvocation.proceed(ReflectiveMethodInvocation.java:179) ~[spring-aop-7.0.6.jar:7.0.6]
	at org.springframework.aop.framework.JdkDynamicAopProxy.invoke(JdkDynamicAopProxy.java:222) ~[spring-aop-7.0.6.jar:7.0.6]
	at jdk.proxy4/jdk.proxy4.$Proxy164.findByEmail(Unknown Source) ~[na:na]
	at dev.hamasakis.etl.seeder.UserSeeder.run(UserSeeder.java:23) ~[classes/:na]
	at org.springframework.boot.SpringApplication.lambda$callRunner$1(SpringApplication.java:792) ~[spring-boot-4.0.4.jar:4.0.4]
	at org.springframework.util.function.ThrowingConsumer$1.acceptWithException(ThrowingConsumer.java:82) ~[spring-core-7.0.6.jar:7.0.6]
	at org.springframework.util.function.ThrowingConsumer.accept(ThrowingConsumer.java:60) ~[spring-core-7.0.6.jar:7.0.6]
	at org.springframework.util.function.ThrowingConsumer$1.accept(ThrowingConsumer.java:86) ~[spring-core-7.0.6.jar:7.0.6]
	at org.springframework.boot.SpringApplication.callRunner(SpringApplication.java:800) ~[spring-boot-4.0.4.jar:4.0.4]
	at org.springframework.boot.SpringApplication.callRunner(SpringApplication.java:791) ~[spring-boot-4.0.4.jar:4.0.4]
	at org.springframework.boot.SpringApplication.lambda$callRunners$0(SpringApplication.java:776) ~[spring-boot-4.0.4.jar:4.0.4]
	at java.base/java.util.stream.ForEachOps$ForEachOp$OfRef.accept(ForEachOps.java:184) ~[na:na]
	at java.base/java.util.stream.SortedOps$SizedRefSortingSink.end(SortedOps.java:357) ~[na:na]
	at java.base/java.util.stream.AbstractPipeline.copyInto(AbstractPipeline.java:510) ~[na:na]
	at java.base/java.util.stream.AbstractPipeline.wrapAndCopyInto(AbstractPipeline.java:499) ~[na:na]
	at java.base/java.util.stream.ForEachOps$ForEachOp.evaluateSequential(ForEachOps.java:151) ~[na:na]
	at java.base/java.util.stream.ForEachOps$ForEachOp$OfRef.evaluateSequential(ForEachOps.java:174) ~[na:na]
	at java.base/java.util.stream.AbstractPipeline.evaluate(AbstractPipeline.java:234) ~[na:na]
	at java.base/java.util.stream.ReferencePipeline.forEach(ReferencePipeline.java:596) ~[na:na]
	at org.springframework.boot.SpringApplication.callRunners(SpringApplication.java:776) ~[spring-boot-4.0.4.jar:4.0.4]
	at org.springframework.boot.SpringApplication.run(SpringApplication.java:328) ~[spring-boot-4.0.4.jar:4.0.4]
	at org.springframework.boot.SpringApplication.run(SpringApplication.java:1365) ~[spring-boot-4.0.4.jar:4.0.4]
	at org.springframework.boot.SpringApplication.run(SpringApplication.java:1354) ~[spring-boot-4.0.4.jar:4.0.4]
	at dev.hamasakis.etl.EtlApplication.main(EtlApplication.java:12) ~[classes/:na]
	at java.base/jdk.internal.reflect.DirectMethodHandleAccessor.invoke(DirectMethodHandleAccessor.java:103) ~[na:na]
	at java.base/java.lang.reflect.Method.invoke(Method.java:580) ~[na:na]
	at org.springframework.boot.devtools.restart.RestartLauncher.run(RestartLauncher.java:52) ~[spring-boot-devtools-4.0.4.jar:4.0.4]
Caused by: org.hibernate.exception.SQLGrammarException: JDBC exception executing SQL [ERROR: column u1_0.role does not exist
  Posição: 79] [select u1_0.id,u1_0.active,u1_0.created_at,u1_0.email,u1_0.name,u1_0.password,u1_0.role,u1_0.updated_at from users u1_0 where u1_0.email=?]
	at org.hibernate.exception.internal.SQLStateConversionDelegate.convert(SQLStateConversionDelegate.java:63) ~[hibernate-core-7.2.7.Final.jar:7.2.7.Final]
	at org.hibernate.exception.internal.StandardSQLExceptionConverter.convert(StandardSQLExceptionConverter.java:34) ~[hibernate-core-7.2.7.Final.jar:7.2.7.Final]
	at org.hibernate.engine.jdbc.spi.SqlExceptionHelper.convert(SqlExceptionHelper.java:115) ~[hibernate-core-7.2.7.Final.jar:7.2.7.Final]
	at org.hibernate.sql.results.jdbc.internal.DeferredResultSetAccess.executeQuery(DeferredResultSetAccess.java:290) ~[hibernate-core-7.2.7.Final.jar:7.2.7.Final]
	at org.hibernate.sql.results.jdbc.internal.DeferredResultSetAccess.getResultSet(DeferredResultSetAccess.java:190) ~[hibernate-core-7.2.7.Final.jar:7.2.7.Final]
	at org.hibernate.sql.results.jdbc.internal.JdbcValuesResultSetImpl.<init>(JdbcValuesResultSetImpl.java:71) ~[hibernate-core-7.2.7.Final.jar:7.2.7.Final]
	at org.hibernate.sql.exec.internal.JdbcSelectExecutorStandardImpl.resolveJdbcValues(JdbcSelectExecutorStandardImpl.java:393) ~[hibernate-core-7.2.7.Final.jar:7.2.7.Final]
	at org.hibernate.sql.exec.internal.JdbcSelectExecutorStandardImpl.resolveJdbcValuesSource(JdbcSelectExecutorStandardImpl.java:354) ~[hibernate-core-7.2.7.Final.jar:7.2.7.Final]
	at org.hibernate.sql.exec.internal.JdbcSelectExecutorStandardImpl.doExecuteQuery(JdbcSelectExecutorStandardImpl.java:135) ~[hibernate-core-7.2.7.Final.jar:7.2.7.Final]
	at org.hibernate.sql.exec.internal.JdbcSelectExecutorStandardImpl.executeQuery(JdbcSelectExecutorStandardImpl.java:100) ~[hibernate-core-7.2.7.Final.jar:7.2.7.Final]
	at org.hibernate.sql.exec.spi.JdbcSelectExecutor.executeQuery(JdbcSelectExecutor.java:63) ~[hibernate-core-7.2.7.Final.jar:7.2.7.Final]
	at org.hibernate.sql.exec.spi.JdbcSelectExecutor.list(JdbcSelectExecutor.java:137) ~[hibernate-core-7.2.7.Final.jar:7.2.7.Final]
	at org.hibernate.query.sqm.internal.ConcreteSqmSelectQueryPlan.lambda$new$1(ConcreteSqmSelectQueryPlan.java:128) ~[hibernate-core-7.2.7.Final.jar:7.2.7.Final]
	at org.hibernate.query.sqm.internal.ConcreteSqmSelectQueryPlan.withCacheableSqmInterpretation(ConcreteSqmSelectQueryPlan.java:427) ~[hibernate-core-7.2.7.Final.jar:7.2.7.Final]
	at org.hibernate.query.sqm.internal.ConcreteSqmSelectQueryPlan.performList(ConcreteSqmSelectQueryPlan.java:355) ~[hibernate-core-7.2.7.Final.jar:7.2.7.Final]
	at org.hibernate.query.sqm.internal.SqmQueryImpl.doList(SqmQueryImpl.java:374) ~[hibernate-core-7.2.7.Final.jar:7.2.7.Final]
	at org.hibernate.query.spi.AbstractSelectionQuery.list(AbstractSelectionQuery.java:153) ~[hibernate-core-7.2.7.Final.jar:7.2.7.Final]
	at org.hibernate.query.spi.AbstractSelectionQuery.getSingleResultOrNull(AbstractSelectionQuery.java:330) ~[hibernate-core-7.2.7.Final.jar:7.2.7.Final]
	at java.base/jdk.internal.reflect.DirectMethodHandleAccessor.invoke(DirectMethodHandleAccessor.java:103) ~[na:na]
	at java.base/java.lang.reflect.Method.invoke(Method.java:580) ~[na:na]
	at org.springframework.orm.jpa.SharedEntityManagerCreator$DeferredQueryInvocationHandler.invoke(SharedEntityManagerCreator.java:557) ~[spring-orm-7.0.6.jar:7.0.6]
	at jdk.proxy4/jdk.proxy4.$Proxy182.getSingleResultOrNull(Unknown Source) ~[na:na]
	at org.springframework.data.jpa.repository.query.JpaQueryExecution$SingleEntityExecution.doExecute(JpaQueryExecution.java:328) ~[spring-data-jpa-4.0.4.jar:4.0.4]
	at org.springframework.data.jpa.repository.query.JpaQueryExecution.execute(JpaQueryExecution.java:99) ~[spring-data-jpa-4.0.4.jar:4.0.4]
	at org.springframework.data.jpa.repository.query.AbstractJpaQuery.doExecute(AbstractJpaQuery.java:164) ~[spring-data-jpa-4.0.4.jar:4.0.4]
	at org.springframework.data.jpa.repository.query.AbstractJpaQuery.execute(AbstractJpaQuery.java:154) ~[spring-data-jpa-4.0.4.jar:4.0.4]
	at org.springframework.data.repository.core.support.RepositoryMethodInvoker.doInvoke(RepositoryMethodInvoker.java:169) ~[spring-data-commons-4.0.4.jar:4.0.4]
	at org.springframework.data.repository.core.support.RepositoryMethodInvoker.invoke(RepositoryMethodInvoker.java:158) ~[spring-data-commons-4.0.4.jar:4.0.4]
	at org.springframework.data.repository.core.support.QueryExecutorMethodInterceptor.doInvoke(QueryExecutorMethodInterceptor.java:167) ~[spring-data-commons-4.0.4.jar:4.0.4]
	at org.springframework.data.repository.core.support.QueryExecutorMethodInterceptor.invoke(QueryExecutorMethodInterceptor.java:146) ~[spring-data-commons-4.0.4.jar:4.0.4]
	at org.springframework.aop.framework.ReflectiveMethodInvocation.proceed(ReflectiveMethodInvocation.java:179) ~[spring-aop-7.0.6.jar:7.0.6]
	at org.springframework.data.projection.DefaultMethodInvokingMethodInterceptor.invoke(DefaultMethodInvokingMethodInterceptor.java:69) ~[spring-data-commons-4.0.4.jar:4.0.4]
	at org.springframework.aop.framework.ReflectiveMethodInvocation.proceed(ReflectiveMethodInvocation.java:179) ~[spring-aop-7.0.6.jar:7.0.6]
	at org.springframework.transaction.interceptor.TransactionInterceptor$1.proceedWithInvocation(TransactionInterceptor.java:133) ~[spring-tx-7.0.6.jar:7.0.6]
	at org.springframework.transaction.interceptor.TransactionAspectSupport.invokeWithinTransaction(TransactionAspectSupport.java:371) ~[spring-tx-7.0.6.jar:7.0.6]
	at org.springframework.transaction.interceptor.TransactionInterceptor.invoke(TransactionInterceptor.java:130) ~[spring-tx-7.0.6.jar:7.0.6]
	at org.springframework.aop.framework.ReflectiveMethodInvocation.proceed(ReflectiveMethodInvocation.java:179) ~[spring-aop-7.0.6.jar:7.0.6]
	at org.springframework.dao.support.PersistenceExceptionTranslationInterceptor.invoke(PersistenceExceptionTranslationInterceptor.java:135) ~[spring-tx-7.0.6.jar:7.0.6]
	... 29 common frames omitted
Caused by: org.postgresql.util.PSQLException: ERROR: column u1_0.role does not exist
  Posição: 79
	at org.postgresql.core.v3.QueryExecutorImpl.receiveErrorResponse(QueryExecutorImpl.java:2875) ~[postgresql-42.7.10.jar:42.7.10]
	at org.postgresql.core.v3.QueryExecutorImpl.processResults(QueryExecutorImpl.java:2560) ~[postgresql-42.7.10.jar:42.7.10]
	at org.postgresql.core.v3.QueryExecutorImpl.execute(QueryExecutorImpl.java:429) ~[postgresql-42.7.10.jar:42.7.10]
	at org.postgresql.jdbc.PgStatement.executeInternal(PgStatement.java:526) ~[postgresql-42.7.10.jar:42.7.10]
	at org.postgresql.jdbc.PgStatement.execute(PgStatement.java:436) ~[postgresql-42.7.10.jar:42.7.10]
	at org.postgresql.jdbc.PgPreparedStatement.executeWithFlags(PgPreparedStatement.java:196) ~[postgresql-42.7.10.jar:42.7.10]
	at org.postgresql.jdbc.PgPreparedStatement.executeQuery(PgPreparedStatement.java:139) ~[postgresql-42.7.10.jar:42.7.10]
	at com.zaxxer.hikari.pool.ProxyPreparedStatement.executeQuery(ProxyPreparedStatement.java:52) ~[HikariCP-7.0.2.jar:na]
	at com.zaxxer.hikari.pool.HikariProxyPreparedStatement.executeQuery(HikariProxyPreparedStatement.java) ~[HikariCP-7.0.2.jar:na]
	at org.hibernate.sql.results.jdbc.internal.DeferredResultSetAccess.executeQuery(DeferredResultSetAccess.java:271) ~[hibernate-core-7.2.7.Final.jar:7.2.7.Final]
	... 63 common frames omitted

2026-03-23T01:15:50.231-03:00  INFO 24280 --- [etl_dynamic] [restartedMain] o.s.boot.tomcat.GracefulShutdown         : Commencing graceful shutdown. Waiting for active requests to complete
2026-03-23T01:15:50.235-03:00  INFO 24280 --- [etl_dynamic] [tomcat-shutdown] o.s.boot.tomcat.GracefulShutdown         : Graceful shutdown complete
2026-03-23T01:15:50.240-03:00  INFO 24280 --- [etl_dynamic] [restartedMain] j.LocalContainerEntityManagerFactoryBean : Closing JPA EntityManagerFactory for persistence unit 'default'
2026-03-23T01:15:50.243-03:00  INFO 24280 --- [etl_dynamic] [restartedMain] com.zaxxer.hikari.HikariDataSource       : HikariPool-1 - Shutdown initiated...
2026-03-23T01:15:50.245-03:00  INFO 24280 --- [etl_dynamic] [restartedMain] com.zaxxer.hikari.HikariDataSource       : HikariPool-1 - Shutdown completed.
2026-03-23T01:17:19.993-03:00  INFO 28332 --- [etl_dynamic] [restartedMain] dev.hamasakis.etl.EtlApplication         : Starting EtlApplication using Java 21.0.9 with PID 28332 (E:\Java\etl\target\classes started by eusou in E:\Java\etl)
2026-03-23T01:17:19.997-03:00  INFO 28332 --- [etl_dynamic] [restartedMain] dev.hamasakis.etl.EtlApplication         : The following 1 profile is active: "dev"
2026-03-23T01:17:20.038-03:00  INFO 28332 --- [etl_dynamic] [restartedMain] .e.DevToolsPropertyDefaultsPostProcessor : Devtools property defaults active! Set 'spring.devtools.add-properties' to 'false' to disable
2026-03-23T01:17:20.038-03:00  INFO 28332 --- [etl_dynamic] [restartedMain] .e.DevToolsPropertyDefaultsPostProcessor : For additional web related logging consider setting the 'logging.level.web' property to 'DEBUG'
2026-03-23T01:17:20.050-03:00  INFO 28332 --- [etl_dynamic] [restartedMain] .s.b.d.c.l.DockerComposeLifecycleManager : Using Docker Compose file E:\Java\etl\compose.yaml
2026-03-23T01:17:20.918-03:00  INFO 28332 --- [etl_dynamic] [OutputReader-stderr] o.s.boot.docker.compose.core.DockerCli   : time="2026-03-23T01:17:20-03:00" level=warning msg="E:\\Java\\etl\\compose.yaml: the attribute `version` is obsolete, it will be ignored, please remove it to avoid potential confusion"
2026-03-23T01:17:21.085-03:00  INFO 28332 --- [etl_dynamic] [OutputReader-stderr] o.s.boot.docker.compose.core.DockerCli   :  Container etl-kafka Starting 
2026-03-23T01:17:21.085-03:00  INFO 28332 --- [etl_dynamic] [OutputReader-stderr] o.s.boot.docker.compose.core.DockerCli   :  Container etl-postgres Starting 
2026-03-23T01:17:22.070-03:00  INFO 28332 --- [etl_dynamic] [OutputReader-stderr] o.s.boot.docker.compose.core.DockerCli   :  Container etl-postgres Started 
2026-03-23T01:17:22.070-03:00  INFO 28332 --- [etl_dynamic] [OutputReader-stderr] o.s.boot.docker.compose.core.DockerCli   :  Container etl-pgadmin Starting 
2026-03-23T01:17:22.352-03:00  INFO 28332 --- [etl_dynamic] [OutputReader-stderr] o.s.boot.docker.compose.core.DockerCli   :  Container etl-kafka Started 
2026-03-23T01:17:22.865-03:00  INFO 28332 --- [etl_dynamic] [OutputReader-stderr] o.s.boot.docker.compose.core.DockerCli   :  Container etl-pgadmin Started 
2026-03-23T01:17:22.865-03:00  INFO 28332 --- [etl_dynamic] [OutputReader-stderr] o.s.boot.docker.compose.core.DockerCli   :  Container etl-postgres Waiting 
2026-03-23T01:17:22.865-03:00  INFO 28332 --- [etl_dynamic] [OutputReader-stderr] o.s.boot.docker.compose.core.DockerCli   :  Container etl-pgadmin Waiting 
2026-03-23T01:17:22.866-03:00  INFO 28332 --- [etl_dynamic] [OutputReader-stderr] o.s.boot.docker.compose.core.DockerCli   :  Container etl-kafka Waiting 
2026-03-23T01:17:23.374-03:00  INFO 28332 --- [etl_dynamic] [OutputReader-stderr] o.s.boot.docker.compose.core.DockerCli   :  Container etl-postgres Healthy 
2026-03-23T01:17:23.375-03:00  INFO 28332 --- [etl_dynamic] [OutputReader-stderr] o.s.boot.docker.compose.core.DockerCli   :  Container etl-pgadmin Healthy 
2026-03-23T01:17:23.375-03:00  INFO 28332 --- [etl_dynamic] [OutputReader-stderr] o.s.boot.docker.compose.core.DockerCli   :  Container etl-kafka Healthy 
2026-03-23T01:17:41.633-03:00  INFO 28332 --- [etl_dynamic] [restartedMain] .s.d.r.c.RepositoryConfigurationDelegate : Bootstrapping Spring Data JPA repositories in DEFAULT mode.
2026-03-23T01:17:41.700-03:00  INFO 28332 --- [etl_dynamic] [restartedMain] .s.d.r.c.RepositoryConfigurationDelegate : Finished Spring Data repository scanning in 59 ms. Found 1 JPA repository interface.
2026-03-23T01:17:42.654-03:00  INFO 28332 --- [etl_dynamic] [restartedMain] o.s.boot.tomcat.TomcatWebServer          : Tomcat initialized with port 8001 (http)
2026-03-23T01:17:42.671-03:00  INFO 28332 --- [etl_dynamic] [restartedMain] o.apache.catalina.core.StandardService   : Starting service [Tomcat]
2026-03-23T01:17:42.671-03:00  INFO 28332 --- [etl_dynamic] [restartedMain] o.apache.catalina.core.StandardEngine    : Starting Servlet engine: [Apache Tomcat/11.0.18]
2026-03-23T01:17:42.741-03:00  INFO 28332 --- [etl_dynamic] [restartedMain] b.w.c.s.WebApplicationContextInitializer : Root WebApplicationContext: initialization completed in 2027 ms
2026-03-23T01:17:43.034-03:00  INFO 28332 --- [etl_dynamic] [restartedMain] org.hibernate.orm.jpa                    : HHH008540: Processing PersistenceUnitInfo [name: default]
2026-03-23T01:17:43.108-03:00  INFO 28332 --- [etl_dynamic] [restartedMain] org.hibernate.orm.core                   : HHH000001: Hibernate ORM core version 7.2.7.Final
2026-03-23T01:17:43.600-03:00  INFO 28332 --- [etl_dynamic] [restartedMain] o.s.o.j.p.SpringPersistenceUnitInfo      : No LoadTimeWeaver setup: ignoring JPA class transformer
2026-03-23T01:17:43.626-03:00  INFO 28332 --- [etl_dynamic] [restartedMain] com.zaxxer.hikari.HikariDataSource       : HikariPool-1 - Starting...
2026-03-23T01:17:43.777-03:00  INFO 28332 --- [etl_dynamic] [restartedMain] com.zaxxer.hikari.pool.HikariPool        : HikariPool-1 - Added connection org.postgresql.jdbc.PgConnection@c543700
2026-03-23T01:17:43.779-03:00  INFO 28332 --- [etl_dynamic] [restartedMain] com.zaxxer.hikari.HikariDataSource       : HikariPool-1 - Start completed.
2026-03-23T01:17:43.812-03:00  WARN 28332 --- [etl_dynamic] [restartedMain] org.hibernate.orm.deprecation            : HHH90000025: PostgreSQLDialect does not need to be specified explicitly using 'hibernate.dialect' (remove the property setting and it will be selected by default)
2026-03-23T01:17:43.837-03:00  INFO 28332 --- [etl_dynamic] [restartedMain] org.hibernate.orm.connections.pooling    : HHH10001005: Database info:
	Database JDBC URL [jdbc:postgresql://127.0.0.1:5432/etl_dynamic_db?ApplicationName=etl_dynamic]
	Database driver: PostgreSQL JDBC Driver
	Database dialect: PostgreSQLDialect
	Database version: 16.13
	Default catalog/schema: etl_dynamic_db/public
	Autocommit mode: undefined/unknown
	Isolation level: READ_COMMITTED [default READ_COMMITTED]
	JDBC fetch size: none
	Pool: DataSourceConnectionProvider
	Minimum pool size: undefined/unknown
	Maximum pool size: undefined/unknown
2026-03-23T01:17:44.752-03:00  INFO 28332 --- [etl_dynamic] [restartedMain] org.hibernate.orm.core                   : HHH000489: No JTA platform available (set 'hibernate.transaction.jta.platform' to enable JTA platform integration)
2026-03-23T01:17:44.772-03:00 DEBUG 28332 --- [etl_dynamic] [restartedMain] org.hibernate.SQL                        : 
    [34mset[0m client_min_messages = WARNING
2026-03-23T01:17:44.775-03:00 DEBUG 28332 --- [etl_dynamic] [restartedMain] org.hibernate.SQL                        : 
    [34mdrop[0m [34mtable[0m [34mif[0m [34mexists[0m users [34mcascade[0m
2026-03-23T01:17:44.791-03:00 DEBUG 28332 --- [etl_dynamic] [restartedMain] org.hibernate.SQL                        : 
    [34mcreate[0m [34mtable[0m users (
        active [34mboolean[0m [34mnot[0m [34mnull[0m,
        created_at [34mtimestamp[0m(6) [34mnot[0m [34mnull[0m,
        updated_at [34mtimestamp[0m(6),
        id uuid [34mnot[0m [34mnull[0m,
        email [34mvarchar[0m(255) [34munique[0m,
        name [34mvarchar[0m(255),
        password [34mvarchar[0m(255),
        role [34mvarchar[0m(255) [34mnot[0m [34mnull[0m [34mcheck[0m ((role [34min[0m ([36m'[34mUSER[0m'[0m,[36m'MANAGER'[0m,[36m'ADMIN'[0m))),
        [34mprimary[0m [34mkey[0m (id)
    )
2026-03-23T01:17:44.819-03:00  INFO 28332 --- [etl_dynamic] [restartedMain] j.LocalContainerEntityManagerFactoryBean : Initialized JPA EntityManagerFactory for persistence unit 'default'
2026-03-23T01:17:44.896-03:00  INFO 28332 --- [etl_dynamic] [restartedMain] o.s.d.j.r.query.QueryEnhancerFactories   : Hibernate is in classpath; If applicable, HQL parser will be used.
2026-03-23T01:17:45.038-03:00  INFO 28332 --- [etl_dynamic] [restartedMain] r$InitializeUserDetailsManagerConfigurer : Global AuthenticationManager configured with UserDetailsService bean with name authService
2026-03-23T01:17:45.078-03:00  WARN 28332 --- [etl_dynamic] [restartedMain] JpaBaseConfiguration$JpaWebConfiguration : spring.jpa.open-in-view is enabled by default. Therefore, database queries may be performed during view rendering. Explicitly configure spring.jpa.open-in-view to disable this warning
2026-03-23T01:17:45.807-03:00  INFO 28332 --- [etl_dynamic] [restartedMain] o.s.b.a.e.web.EndpointLinksResolver      : Exposing 3 endpoints beneath base path '/actuator'
2026-03-23T01:17:45.904-03:00  INFO 28332 --- [etl_dynamic] [restartedMain] o.s.boot.tomcat.TomcatWebServer          : Tomcat started on port 8001 (http) with context path '/api'
2026-03-23T01:17:45.912-03:00  INFO 28332 --- [etl_dynamic] [restartedMain] dev.hamasakis.etl.EtlApplication         : Started EtlApplication in 26.394 seconds (process running for 27.429)
2026-03-23T01:17:45.920-03:00  INFO 28332 --- [etl_dynamic] [restartedMain] o.s.b.b.a.JobLauncherApplicationRunner   : Running default command line with: []
2026-03-23T01:17:46.288-03:00 DEBUG 28332 --- [etl_dynamic] [restartedMain] org.hibernate.SQL                        : 
    [34mselect[0m
        u1_0.id,
        u1_0.active,
        u1_0.created_at,
        u1_0.email,
        u1_0.name,
        u1_0.password,
        u1_0.role,
        u1_0.updated_at 
    [34mfrom[0m
        users u1_0 
    [34mwhere[0m
        u1_0.email=?
2026-03-23T01:17:46.420-03:00 DEBUG 28332 --- [etl_dynamic] [restartedMain] org.hibernate.SQL                        : 
    [34minsert[0m 
    [34minto[0m
        users
        (active, created_at, email, name, password, role, updated_at, id) 
    [34mvalues[0m
        (?, ?, ?, ?, ?, ?, ?, ?)
2026-03-23T01:17:46.882-03:00  INFO 28332 --- [etl_dynamic] [RMI TCP Connection(4)-192.168.15.10] o.a.c.c.C.[Tomcat].[localhost].[/api]    : Initializing Spring DispatcherServlet 'dispatcherServlet'
2026-03-23T01:17:46.882-03:00  INFO 28332 --- [etl_dynamic] [RMI TCP Connection(4)-192.168.15.10] o.s.web.servlet.DispatcherServlet        : Initializing Servlet 'dispatcherServlet'
2026-03-23T01:17:46.886-03:00  INFO 28332 --- [etl_dynamic] [RMI TCP Connection(4)-192.168.15.10] o.s.web.servlet.DispatcherServlet        : Completed initialization in 4 ms
2026-03-23T01:20:50.566-03:00  INFO 28332 --- [etl_dynamic] [SpringApplicationShutdownHook] o.s.boot.tomcat.GracefulShutdown         : Commencing graceful shutdown. Waiting for active requests to complete
2026-03-23T01:20:50.571-03:00  INFO 28332 --- [etl_dynamic] [tomcat-shutdown] o.s.boot.tomcat.GracefulShutdown         : Graceful shutdown complete
2026-03-23T01:20:50.578-03:00  INFO 28332 --- [etl_dynamic] [SpringApplicationShutdownHook] j.LocalContainerEntityManagerFactoryBean : Closing JPA EntityManagerFactory for persistence unit 'default'
2026-03-23T01:20:50.581-03:00  INFO 28332 --- [etl_dynamic] [SpringApplicationShutdownHook] com.zaxxer.hikari.HikariDataSource       : HikariPool-1 - Shutdown initiated...
2026-03-23T01:20:50.584-03:00  INFO 28332 --- [etl_dynamic] [SpringApplicationShutdownHook] com.zaxxer.hikari.HikariDataSource       : HikariPool-1 - Shutdown completed.
2026-03-23T01:21:06.800-03:00  INFO 6720 --- [etl_dynamic] [restartedMain] dev.hamasakis.etl.EtlApplication         : Starting EtlApplication using Java 21.0.9 with PID 6720 (E:\Java\etl\target\classes started by eusou in E:\Java\etl)
2026-03-23T01:21:06.803-03:00  INFO 6720 --- [etl_dynamic] [restartedMain] dev.hamasakis.etl.EtlApplication         : The following 1 profile is active: "dev"
2026-03-23T01:21:06.862-03:00  INFO 6720 --- [etl_dynamic] [restartedMain] .e.DevToolsPropertyDefaultsPostProcessor : Devtools property defaults active! Set 'spring.devtools.add-properties' to 'false' to disable
2026-03-23T01:21:06.862-03:00  INFO 6720 --- [etl_dynamic] [restartedMain] .e.DevToolsPropertyDefaultsPostProcessor : For additional web related logging consider setting the 'logging.level.web' property to 'DEBUG'
2026-03-23T01:21:06.876-03:00  INFO 6720 --- [etl_dynamic] [restartedMain] .s.b.d.c.l.DockerComposeLifecycleManager : Using Docker Compose file E:\Java\etl\compose.yaml
2026-03-23T01:21:07.738-03:00  INFO 6720 --- [etl_dynamic] [OutputReader-stderr] o.s.boot.docker.compose.core.DockerCli   : time="2026-03-23T01:21:07-03:00" level=warning msg="E:\\Java\\etl\\compose.yaml: the attribute `version` is obsolete, it will be ignored, please remove it to avoid potential confusion"
2026-03-23T01:21:07.905-03:00  INFO 6720 --- [etl_dynamic] [OutputReader-stderr] o.s.boot.docker.compose.core.DockerCli   :  Container etl-postgres Starting 
2026-03-23T01:21:07.906-03:00  INFO 6720 --- [etl_dynamic] [OutputReader-stderr] o.s.boot.docker.compose.core.DockerCli   :  Container etl-kafka Starting 
2026-03-23T01:21:08.903-03:00  INFO 6720 --- [etl_dynamic] [OutputReader-stderr] o.s.boot.docker.compose.core.DockerCli   :  Container etl-postgres Started 
2026-03-23T01:21:08.904-03:00  INFO 6720 --- [etl_dynamic] [OutputReader-stderr] o.s.boot.docker.compose.core.DockerCli   :  Container etl-pgadmin Starting 
2026-03-23T01:21:09.463-03:00  INFO 6720 --- [etl_dynamic] [OutputReader-stderr] o.s.boot.docker.compose.core.DockerCli   :  Container etl-kafka Started 
2026-03-23T01:21:09.990-03:00  INFO 6720 --- [etl_dynamic] [OutputReader-stderr] o.s.boot.docker.compose.core.DockerCli   :  Container etl-pgadmin Started 
2026-03-23T01:21:09.990-03:00  INFO 6720 --- [etl_dynamic] [OutputReader-stderr] o.s.boot.docker.compose.core.DockerCli   :  Container etl-pgadmin Waiting 
2026-03-23T01:21:09.990-03:00  INFO 6720 --- [etl_dynamic] [OutputReader-stderr] o.s.boot.docker.compose.core.DockerCli   :  Container etl-kafka Waiting 
2026-03-23T01:21:09.990-03:00  INFO 6720 --- [etl_dynamic] [OutputReader-stderr] o.s.boot.docker.compose.core.DockerCli   :  Container etl-postgres Waiting 
2026-03-23T01:21:10.496-03:00  INFO 6720 --- [etl_dynamic] [OutputReader-stderr] o.s.boot.docker.compose.core.DockerCli   :  Container etl-pgadmin Healthy 
2026-03-23T01:21:10.497-03:00  INFO 6720 --- [etl_dynamic] [OutputReader-stderr] o.s.boot.docker.compose.core.DockerCli   :  Container etl-postgres Healthy 
2026-03-23T01:21:10.497-03:00  INFO 6720 --- [etl_dynamic] [OutputReader-stderr] o.s.boot.docker.compose.core.DockerCli   :  Container etl-kafka Healthy 
2026-03-23T01:21:30.049-03:00  INFO 6720 --- [etl_dynamic] [restartedMain] .s.d.r.c.RepositoryConfigurationDelegate : Bootstrapping Spring Data JPA repositories in DEFAULT mode.
2026-03-23T01:21:30.113-03:00  INFO 6720 --- [etl_dynamic] [restartedMain] .s.d.r.c.RepositoryConfigurationDelegate : Finished Spring Data repository scanning in 53 ms. Found 1 JPA repository interface.
2026-03-23T01:21:30.986-03:00  INFO 6720 --- [etl_dynamic] [restartedMain] o.s.boot.tomcat.TomcatWebServer          : Tomcat initialized with port 8001 (http)
2026-03-23T01:21:31.003-03:00  INFO 6720 --- [etl_dynamic] [restartedMain] o.apache.catalina.core.StandardService   : Starting service [Tomcat]
2026-03-23T01:21:31.003-03:00  INFO 6720 --- [etl_dynamic] [restartedMain] o.apache.catalina.core.StandardEngine    : Starting Servlet engine: [Apache Tomcat/11.0.18]
2026-03-23T01:21:31.058-03:00  INFO 6720 --- [etl_dynamic] [restartedMain] b.w.c.s.WebApplicationContextInitializer : Root WebApplicationContext: initialization completed in 2033 ms
2026-03-23T01:21:31.358-03:00  INFO 6720 --- [etl_dynamic] [restartedMain] org.hibernate.orm.jpa                    : HHH008540: Processing PersistenceUnitInfo [name: default]
2026-03-23T01:21:31.408-03:00  INFO 6720 --- [etl_dynamic] [restartedMain] org.hibernate.orm.core                   : HHH000001: Hibernate ORM core version 7.2.7.Final
2026-03-23T01:21:31.792-03:00  INFO 6720 --- [etl_dynamic] [restartedMain] o.s.o.j.p.SpringPersistenceUnitInfo      : No LoadTimeWeaver setup: ignoring JPA class transformer
2026-03-23T01:21:31.819-03:00  INFO 6720 --- [etl_dynamic] [restartedMain] com.zaxxer.hikari.HikariDataSource       : HikariPool-1 - Starting...
2026-03-23T01:21:31.949-03:00  INFO 6720 --- [etl_dynamic] [restartedMain] com.zaxxer.hikari.pool.HikariPool        : HikariPool-1 - Added connection org.postgresql.jdbc.PgConnection@53259f15
2026-03-23T01:21:31.950-03:00  INFO 6720 --- [etl_dynamic] [restartedMain] com.zaxxer.hikari.HikariDataSource       : HikariPool-1 - Start completed.
2026-03-23T01:21:31.977-03:00  WARN 6720 --- [etl_dynamic] [restartedMain] org.hibernate.orm.deprecation            : HHH90000025: PostgreSQLDialect does not need to be specified explicitly using 'hibernate.dialect' (remove the property setting and it will be selected by default)
2026-03-23T01:21:31.995-03:00  INFO 6720 --- [etl_dynamic] [restartedMain] org.hibernate.orm.connections.pooling    : HHH10001005: Database info:
	Database JDBC URL [jdbc:postgresql://127.0.0.1:5432/etl_dynamic_db?ApplicationName=etl_dynamic]
	Database driver: PostgreSQL JDBC Driver
	Database dialect: PostgreSQLDialect
	Database version: 16.13
	Default catalog/schema: etl_dynamic_db/public
	Autocommit mode: undefined/unknown
	Isolation level: READ_COMMITTED [default READ_COMMITTED]
	JDBC fetch size: none
	Pool: DataSourceConnectionProvider
	Minimum pool size: undefined/unknown
	Maximum pool size: undefined/unknown
2026-03-23T01:21:32.844-03:00  INFO 6720 --- [etl_dynamic] [restartedMain] org.hibernate.orm.core                   : HHH000489: No JTA platform available (set 'hibernate.transaction.jta.platform' to enable JTA platform integration)
2026-03-23T01:21:32.860-03:00 DEBUG 6720 --- [etl_dynamic] [restartedMain] org.hibernate.SQL                        : 
    [34mset[0m client_min_messages = WARNING
2026-03-23T01:21:32.862-03:00 DEBUG 6720 --- [etl_dynamic] [restartedMain] org.hibernate.SQL                        : 
    [34mdrop[0m [34mtable[0m [34mif[0m [34mexists[0m users [34mcascade[0m
2026-03-23T01:21:32.875-03:00 DEBUG 6720 --- [etl_dynamic] [restartedMain] org.hibernate.SQL                        : 
    [34mcreate[0m [34mtable[0m users (
        active [34mboolean[0m [34mnot[0m [34mnull[0m,
        created_at [34mtimestamp[0m(6) [34mnot[0m [34mnull[0m,
        updated_at [34mtimestamp[0m(6),
        id uuid [34mnot[0m [34mnull[0m,
        email [34mvarchar[0m(255) [34munique[0m,
        name [34mvarchar[0m(255),
        password [34mvarchar[0m(255),
        role [34mvarchar[0m(255) [34mnot[0m [34mnull[0m [34mcheck[0m ((role [34min[0m ([36m'[34mUSER[0m'[0m,[36m'MANAGER'[0m,[36m'ADMIN'[0m))),
        [34mprimary[0m [34mkey[0m (id)
    )
2026-03-23T01:21:32.902-03:00  INFO 6720 --- [etl_dynamic] [restartedMain] j.LocalContainerEntityManagerFactoryBean : Initialized JPA EntityManagerFactory for persistence unit 'default'
2026-03-23T01:21:32.979-03:00  INFO 6720 --- [etl_dynamic] [restartedMain] o.s.d.j.r.query.QueryEnhancerFactories   : Hibernate is in classpath; If applicable, HQL parser will be used.
2026-03-23T01:21:33.128-03:00  INFO 6720 --- [etl_dynamic] [restartedMain] r$InitializeUserDetailsManagerConfigurer : Global AuthenticationManager configured with UserDetailsService bean with name authService
2026-03-23T01:21:33.168-03:00  WARN 6720 --- [etl_dynamic] [restartedMain] JpaBaseConfiguration$JpaWebConfiguration : spring.jpa.open-in-view is enabled by default. Therefore, database queries may be performed during view rendering. Explicitly configure spring.jpa.open-in-view to disable this warning
2026-03-23T01:21:33.852-03:00  INFO 6720 --- [etl_dynamic] [restartedMain] o.s.b.a.e.web.EndpointLinksResolver      : Exposing 3 endpoints beneath base path '/actuator'
2026-03-23T01:21:33.928-03:00  INFO 6720 --- [etl_dynamic] [restartedMain] o.s.boot.tomcat.TomcatWebServer          : Tomcat started on port 8001 (http) with context path '/api'
2026-03-23T01:21:33.935-03:00  INFO 6720 --- [etl_dynamic] [restartedMain] dev.hamasakis.etl.EtlApplication         : Started EtlApplication in 27.596 seconds (process running for 28.596)
2026-03-23T01:21:33.943-03:00  INFO 6720 --- [etl_dynamic] [restartedMain] o.s.b.b.a.JobLauncherApplicationRunner   : Running default command line with: []
2026-03-23T01:21:34.301-03:00 DEBUG 6720 --- [etl_dynamic] [restartedMain] org.hibernate.SQL                        : 
    [34mselect[0m
        u1_0.id,
        u1_0.active,
        u1_0.created_at,
        u1_0.email,
        u1_0.name,
        u1_0.password,
        u1_0.role,
        u1_0.updated_at 
    [34mfrom[0m
        users u1_0 
    [34mwhere[0m
        u1_0.email=?
2026-03-23T01:21:34.445-03:00 DEBUG 6720 --- [etl_dynamic] [restartedMain] org.hibernate.SQL                        : 
    [34minsert[0m 
    [34minto[0m
        users
        (active, created_at, email, name, password, role, updated_at, id) 
    [34mvalues[0m
        (?, ?, ?, ?, ?, ?, ?, ?)
2026-03-23T01:21:34.852-03:00  INFO 6720 --- [etl_dynamic] [RMI TCP Connection(2)-192.168.15.10] o.a.c.c.C.[Tomcat].[localhost].[/api]    : Initializing Spring DispatcherServlet 'dispatcherServlet'
2026-03-23T01:21:34.853-03:00  INFO 6720 --- [etl_dynamic] [RMI TCP Connection(2)-192.168.15.10] o.s.web.servlet.DispatcherServlet        : Initializing Servlet 'dispatcherServlet'
2026-03-23T01:21:34.854-03:00  INFO 6720 --- [etl_dynamic] [RMI TCP Connection(2)-192.168.15.10] o.s.web.servlet.DispatcherServlet        : Completed initialization in 1 ms
2026-03-23T01:23:01.450-03:00  INFO 6720 --- [etl_dynamic] [SpringApplicationShutdownHook] o.s.boot.tomcat.GracefulShutdown         : Commencing graceful shutdown. Waiting for active requests to complete
2026-03-23T01:23:01.455-03:00  INFO 6720 --- [etl_dynamic] [tomcat-shutdown] o.s.boot.tomcat.GracefulShutdown         : Graceful shutdown complete
2026-03-23T01:23:01.461-03:00  INFO 6720 --- [etl_dynamic] [SpringApplicationShutdownHook] j.LocalContainerEntityManagerFactoryBean : Closing JPA EntityManagerFactory for persistence unit 'default'
2026-03-23T01:23:01.463-03:00  INFO 6720 --- [etl_dynamic] [SpringApplicationShutdownHook] com.zaxxer.hikari.HikariDataSource       : HikariPool-1 - Shutdown initiated...
2026-03-23T01:23:01.465-03:00  INFO 6720 --- [etl_dynamic] [SpringApplicationShutdownHook] com.zaxxer.hikari.HikariDataSource       : HikariPool-1 - Shutdown completed.
